# OTHER
DOMAIN-SUFFIX,2ip.io
DOMAIN-SUFFIX,myip.dk
DOMAIN-SUFFIX,simsms.org
DOMAIN-SUFFIX,greasyfork.org

# YOUTUBE
DOMAIN-SUFFIX,youtube.com
DOMAIN-SUFFIX,accounts.youtube.com
DOMAIN-SUFFIX,consent.youtube.com
DOMAIN-SUFFIX,realtimesupport.youtube.com
DOMAIN-SUFFIX,i9.ytimg.com
DOMAIN-SUFFIX,i.yting.com
DOMAIN-SUFFIX,googlevideo.com
DOMAIN-SUFFIX,youtu.be
DOMAIN-SUFFIX,yt.be
DOMAIN-SUFFIX,ytimg.com
DOMAIN-SUFFIX,ggpht.com
DOMAIN-SUFFIX,gvt1.com
DOMAIN-SUFFIX,youtube.googleapis.com
DOMAIN-SUFFIX,youtubeembeddedplayer.googleapis.com
DOMAIN-SUFFIX,youtubei.googleapis.com
DOMAIN-SUFFIX,i.ytimg.com
DOMAIN-SUFFIX,yt3.ggpht.com
DOMAIN-SUFFIX,yt4.ggpht.com
DOMAIN-SUFFIX,ytimg.l.google.com
DOMAIN-SUFFIX,nhacmp3youtube.com
DOMAIN-SUFFIX,jnn-pa.googleapis.com
DOMAIN-SUFFIX,youtube-nocookie.com
DOMAIN-SUFFIX,youtube-ui.l.google.com
DOMAIN-SUFFIX,yt-video-upload.l.google.com
DOMAIN-SUFFIX,wide-youtube.l.google.com
DOMAIN-SUFFIX,studio.youtube.com
DOMAIN-SUFFIX,youtubekids.com
DOMAIN-SUFFIX,googleapis.com

# Torrent trackers
DOMAIN-SUFFIX,nnmclub.to
DOMAIN-SUFFIX,nnmstatic.win
DOMAIN-SUFFIX,filmitorrent.net
DOMAIN-SUFFIX,fast-torrent.club
DOMAIN-SUFFIX,kinozal.guru
DOMAIN-SUFFIX,kinozal.tv
DOMAIN-SUFFIX,cnd2exp.online
DOMAIN-SUFFIX,torrentgalaxy.to
DOMAIN-SUFFIX,rutor.org
DOMAIN-SUFFIX,rutor.info
DOMAIN-SUFFIX,cdnbunny.org
DOMAIN-SUFFIX,pornolab.net
DOMAIN-SUFFIX,rutracker.org
DOMAIN-SUFFIX,rutracker.cc
DOMAIN-SUFFIX,rutracker.net
DOMAIN-SUFFIX,static.rutracker.cc
DOMAIN-SUFFIX,tapochek.net
DOMAIN-SUFFIX,rustorka.com

# HDrezka
DOMAIN-SUFFIX,hdrezka.ag
DOMAIN-SUFFIX,hdrezka.ac
DOMAIN-SUFFIX,hdrezka.me
DOMAIN-SUFFIX,hdrezka.tv
DOMAIN-SUFFIX,hdrezka.cc
DOMAIN-SUFFIX,hdrezka.co
DOMAIN-SUFFIX,hdrezka.es
DOMAIN-SUFFIX,hd-rezka.cc
DOMAIN-SUFFIX,static.hdrezka.ac
DOMAIN-SUFFIX,voidboost.cc
DOMAIN-SUFFIX,stream.voidboost.cc
DOMAIN-SUFFIX,rezka.ag
DOMAIN-SUFFIX,rezka.my
DOMAIN-SUFFIX,rezka.cc
DOMAIN-SUFFIX,rezkify.com
DOMAIN-SUFFIX,kinopub.me
DOMAIN-SUFFIX,rezkery.com
DOMAIN-SUFFIX,rezkify.com

# Meta (Instagram, Facebook)
DOMAIN-SUFFIX,instagram.com
DOMAIN-SUFFIX,www.instagram.com
DOMAIN-SUFFIX,graph.instagram.com
DOMAIN-SUFFIX,gateway.instagram.com
DOMAIN-SUFFIX,i.instagram.com
DOMAIN-SUFFIX,z-p42-instagram.c10r.instagram.com
DOMAIN-SUFFIX,i-fallback.instagram.com
DOMAIN-SUFFIX,ig.me
DOMAIN-SUFFIX,www.facebook.com
DOMAIN-SUFFIX,mqtt-mini.facebook.com
DOMAIN-SUFFIX,edge-mqtt.facebook.com
DOMAIN-SUFFIX,graph.facebook.com
DOMAIN-SUFFIX,web.facebook.com
DOMAIN-SUFFIX,connect.facebook.net
DOMAIN-SUFFIX,facebook.net
DOMAIN-SUFFIX,z-p42-chat-e2ee-ig.facebook.com
DOMAIN-SUFFIX,star-mini.c10r.facebook.com
DOMAIN-SUFFIX,static.cdninstagram.com
DOMAIN-SUFFIX,scontent.cdninstagram.com
DOMAIN-SUFFIX,scontent-ams2-1.cdninstagram.com
DOMAIN-SUFFIX,scontent-ams4-1.cdninstagram.com
DOMAIN-SUFFIX,scontent-ams4-1.xx.fbcdn.net
DOMAIN-SUFFIX,scontent.xx.fbcdn.net
DOMAIN-SUFFIX,cdn.fbsbx.com
DOMAIN-SUFFIX,internalfb.com
DOMAIN-SUFFIX,oculus.com

# Twitter/X. From: https://github.com/v2fly/domain-list-community/blob/master/data/twitter
DOMAIN-SUFFIX,ads-twitter.com
DOMAIN-SUFFIX,cms-twdigitalassets.com
DOMAIN-SUFFIX,periscope.tv
DOMAIN-SUFFIX,pscp.tv
DOMAIN-SUFFIX,t.co
DOMAIN-SUFFIX,tellapart.com
DOMAIN-SUFFIX,tweetdeck.com
DOMAIN-SUFFIX,twimg.com
DOMAIN-SUFFIX,twitpic.com
DOMAIN-SUFFIX,twitter.biz
DOMAIN-SUFFIX,twitter.com
DOMAIN-SUFFIX,twitter.jp
DOMAIN-SUFFIX,twittercommunity.com
DOMAIN-SUFFIX,twitterflightschool.com
DOMAIN-SUFFIX,twitterinc.com
DOMAIN-SUFFIX,twitteroauth.com
DOMAIN-SUFFIX,twitterstat.us
DOMAIN-SUFFIX,twtrdns.net
DOMAIN-SUFFIX,twttr.com
DOMAIN-SUFFIX,twttr.net
DOMAIN-SUFFIX,twvid.com
DOMAIN-SUFFIX,vine.co
DOMAIN-SUFFIX,x.com
