youtube.com
accounts.youtube.com
consent.youtube.com
realtimesupport.youtube.com
i9.ytimg.com
i.yting.com
googlevideo.com
youtu.be
yt.be
ytimg.com
ggpht.com
gvt1.com
youtube.googleapis.com
youtubeembeddedplayer.googleapis.com
youtubei.googleapis.com
i.ytimg.com
yt3.ggpht.com
yt4.ggpht.com
ytimg.l.google.com
nhacmp3youtube.com
jnn-pa.googleapis.com
youtube-nocookie.com
youtube-ui.l.google.com
yt-video-upload.l.google.com
wide-youtube.l.google.com
studio.youtube.com
youtubekids.com
googleapis.com
